<?xml version="1.0" encoding="UTF-8"?>
<testng-results ignored="0" total="1" passed="1" failed="0" skipped="0">
  <reporter-output>
  </reporter-output>
  <suite started-at="2026-06-28T22:53:25 IST" name="Default suite" finished-at="2026-06-28T22:53:35 IST" duration-ms="10627">
    <groups>
    </groups>
    <test started-at="2026-06-28T22:53:25 IST" name="Default test" finished-at="2026-06-28T22:53:35 IST" duration-ms="10627">
      <class name="TestCases.BankingTest">
        <test-method is-config="true" signature="setup()[pri:0, instance:TestCases.BankingTest@59474f18]" started-at="2026-06-28T22:53:25 IST" name="setup" finished-at="2026-06-28T22:53:28 IST" duration-ms="3542" status="PASS">
          <reporter-output>
          </reporter-output>
        </test-method> <!-- setup -->
        <test-method signature="bankingWorkflow()[pri:0, instance:TestCases.BankingTest@59474f18]" started-at="2026-06-28T22:53:28 IST" name="bankingWorkflow" finished-at="2026-06-28T22:53:35 IST" duration-ms="7031" status="PASS">
          <reporter-output>
          </reporter-output>
        </test-method> <!-- bankingWorkflow -->
      </class> <!-- TestCases.BankingTest -->
    </test> <!-- Default test -->
  </suite> <!-- Default suite -->
</testng-results>
